<?xml version="1.0" encoding="UTF-8"?>
<testng-results skipped="0" failed="0" ignored="0" total="1" passed="1">
  <reporter-output>
  </reporter-output>
  <suite name="Default suite" duration-ms="197" started-at="2020-12-26T10:01:14 IST" finished-at="2020-12-26T10:01:14 IST">
    <groups>
    </groups>
    <test name="Default test" duration-ms="197" started-at="2020-12-26T10:01:14 IST" finished-at="2020-12-26T10:01:14 IST">
      <class name="maven2.Test01">
        <test-method status="PASS" signature="TestHelloword()[pri:0, instance:maven2.Test01@3590fc5b]" name="TestHelloword" duration-ms="31" started-at="2020-12-26T10:01:14 IST" finished-at="2020-12-26T10:01:14 IST">
          <reporter-output>
          </reporter-output>
        </test-method> <!-- TestHelloword -->
      </class> <!-- maven2.Test01 -->
    </test> <!-- Default test -->
  </suite> <!-- Default suite -->
</testng-results>
